
start check server:rccp106-10a.sjc2.prod.conviva.com
############## version ################################
Distributor ID:	Ubuntu
Description:	Ubuntu 20.04.3 LTS
Release:	20.04
Codename:	focal
end check server:rccp106-10a.sjc2.prod.conviva.com 


start check server:rccp106-4b.sjc2.prod.conviva.com
############## version ################################
Distributor ID:	Ubuntu
Description:	Ubuntu 20.04.3 LTS
Release:	20.04
Codename:	focal
end check server:rccp106-4b.sjc2.prod.conviva.com 


start check server:rccp106-3b.sjc2.prod.conviva.com
############## version ################################
Distributor ID:	Ubuntu
Description:	Ubuntu 20.04.3 LTS
Release:	20.04
Codename:	focal
end check server:rccp106-3b.sjc2.prod.conviva.com 


start check server:rccp106-6a.sjc2.prod.conviva.com
############## version ################################
Distributor ID:	Ubuntu
Description:	Ubuntu 20.04.3 LTS
Release:	20.04
Codename:	focal
end check server:rccp106-6a.sjc2.prod.conviva.com 


start check server:rccp106-5b.sjc2.prod.conviva.com
############## version ################################
Distributor ID:	Ubuntu
Description:	Ubuntu 20.04.3 LTS
Release:	20.04
Codename:	focal
end check server:rccp106-5b.sjc2.prod.conviva.com 


start check server:rccp106-10c.sjc2.prod.conviva.com
############## version ################################
Distributor ID:	Ubuntu
Description:	Ubuntu 20.04.3 LTS
Release:	20.04
Codename:	focal
end check server:rccp106-10c.sjc2.prod.conviva.com 


start check server:rccp106-5c.sjc2.prod.conviva.com
############## version ################################
Distributor ID:	Ubuntu
Description:	Ubuntu 20.04.3 LTS
Release:	20.04
Codename:	focal
end check server:rccp106-5c.sjc2.prod.conviva.com 


start check server:rccp106-4d.sjc2.prod.conviva.com
############## version ################################
Distributor ID:	Ubuntu
Description:	Ubuntu 20.04.5 LTS
Release:	20.04
Codename:	focal
end check server:rccp106-4d.sjc2.prod.conviva.com 


start check server:rccp106-6b.sjc2.prod.conviva.com
############## version ################################
Distributor ID:	Ubuntu
Description:	Ubuntu 20.04.3 LTS
Release:	20.04
Codename:	focal
end check server:rccp106-6b.sjc2.prod.conviva.com 


start check server:rccp106-10d.sjc2.prod.conviva.com
############## version ################################
Distributor ID:	Ubuntu
Description:	Ubuntu 20.04.3 LTS
Release:	20.04
Codename:	focal
end check server:rccp106-10d.sjc2.prod.conviva.com 


start check server:rccp106-6d.sjc2.prod.conviva.com
############## version ################################
Distributor ID:	Ubuntu
Description:	Ubuntu 20.04.3 LTS
Release:	20.04
Codename:	focal
end check server:rccp106-6d.sjc2.prod.conviva.com 


start check server:rccp106-5d.sjc2.prod.conviva.com
############## version ################################
Distributor ID:	Ubuntu
Description:	Ubuntu 20.04.3 LTS
Release:	20.04
Codename:	focal
end check server:rccp106-5d.sjc2.prod.conviva.com 


start check server:rccp106-3d.sjc2.prod.conviva.com
############## version ################################
Distributor ID:	Ubuntu
Description:	Ubuntu 20.04.3 LTS
Release:	20.04
Codename:	focal
end check server:rccp106-3d.sjc2.prod.conviva.com 


start check server:rccp106-4c.sjc2.prod.conviva.com
############## version ################################
Distributor ID:	Ubuntu
Description:	Ubuntu 20.04.3 LTS
Release:	20.04
Codename:	focal
end check server:rccp106-4c.sjc2.prod.conviva.com 


start check server:rccp106-10b.sjc2.prod.conviva.com
############## version ################################
Distributor ID:	Ubuntu
Description:	Ubuntu 20.04.3 LTS
Release:	20.04
Codename:	focal
end check server:rccp106-10b.sjc2.prod.conviva.com 


start check server:rccp106-3c.sjc2.prod.conviva.com
############## version ################################
Distributor ID:	Ubuntu
Description:	Ubuntu 20.04.3 LTS
Release:	20.04
Codename:	focal
end check server:rccp106-3c.sjc2.prod.conviva.com 


start check server:rccp106-6c.sjc2.prod.conviva.com
############## version ################################
Distributor ID:	Ubuntu
Description:	Ubuntu 20.04.3 LTS
Release:	20.04
Codename:	focal
end check server:rccp106-6c.sjc2.prod.conviva.com 

